0 info it worked if it ends with ok
1 verbose cli [ '/usr/local/Cellar/node/6.3.0/bin/node',
1 verbose cli   '/usr/local/bin/npm',
1 verbose cli   'run',
1 verbose cli   'prepublish' ]
2 info using npm@3.10.5
3 info using node@v6.3.0
4 verbose run-script [ 'prepublish' ]
5 info lifecycle apollo-client@0.4.11~prepublish: apollo-client@0.4.11
6 verbose lifecycle apollo-client@0.4.11~prepublish: unsafe-perm in lifecycle true
7 verbose lifecycle apollo-client@0.4.11~prepublish: PATH: /usr/local/lib/node_modules/npm/bin/node-gyp-bin:/Users/joar/Work/leo-sports-client/node_modules/apollo-client/node_modules/.bin:/Users/joar/Work/leo-sports-client/node_modules/.bin:/usr/local/Cellar/node/6.3.0/bin:/Users/joar/anaconda/bin:/usr/local/bin:/usr/bin:/bin:/usr/sbin:/sbin:/usr/local/opt/fzf/bin
8 verbose lifecycle apollo-client@0.4.11~prepublish: CWD: /Users/joar/Work/leo-sports-client/node_modules/apollo-client
9 silly lifecycle apollo-client@0.4.11~prepublish: Args: [ '-c', 'npm run compile' ]
10 silly lifecycle apollo-client@0.4.11~prepublish: Returned: code: 1  signal: null
11 info lifecycle apollo-client@0.4.11~prepublish: Failed to exec prepublish script
12 verbose stack Error: apollo-client@0.4.11 prepublish: `npm run compile`
12 verbose stack Exit status 1
12 verbose stack     at EventEmitter.<anonymous> (/usr/local/lib/node_modules/npm/lib/utils/lifecycle.js:242:16)
12 verbose stack     at emitTwo (events.js:106:13)
12 verbose stack     at EventEmitter.emit (events.js:191:7)
12 verbose stack     at ChildProcess.<anonymous> (/usr/local/lib/node_modules/npm/lib/utils/spawn.js:40:14)
12 verbose stack     at emitTwo (events.js:106:13)
12 verbose stack     at ChildProcess.emit (events.js:191:7)
12 verbose stack     at maybeClose (internal/child_process.js:852:16)
12 verbose stack     at Process.ChildProcess._handle.onexit (internal/child_process.js:215:5)
13 verbose pkgid apollo-client@0.4.11
14 verbose cwd /Users/joar/Work/leo-sports-client/node_modules/apollo-client
15 error Darwin 15.5.0
16 error argv "/usr/local/Cellar/node/6.3.0/bin/node" "/usr/local/bin/npm" "run" "prepublish"
17 error node v6.3.0
18 error npm  v3.10.5
19 error code ELIFECYCLE
20 error apollo-client@0.4.11 prepublish: `npm run compile`
20 error Exit status 1
21 error Failed at the apollo-client@0.4.11 prepublish script 'npm run compile'.
21 error Make sure you have the latest version of node.js and npm installed.
21 error If you do, this is most likely a problem with the apollo-client package,
21 error not with npm itself.
21 error Tell the author that this fails on your system:
21 error     npm run compile
21 error You can get information on how to open an issue for this project with:
21 error     npm bugs apollo-client
21 error Or if that isn't available, you can get their info via:
21 error     npm owner ls apollo-client
21 error There is likely additional logging output above.
22 verbose exit [ 1, true ]
